<?xml version="1.0" encoding="UTF-8"?>
<testng-results skipped="0" failed="1" ignored="0" total="5" passed="4">
  <reporter-output>
  </reporter-output>
  <suite name="Default suite" duration-ms="170996" started-at="2017-08-30T11:48:46Z" finished-at="2017-08-30T11:51:37Z">
    <groups>
    </groups>
    <test name="Default test" duration-ms="170996" started-at="2017-08-30T11:48:46Z" finished-at="2017-08-30T11:51:37Z">
      <class name="com.smartsense.fx.TradingGuideTest">
        <test-method status="PASS" signature="setUp()[pri:0, instance:com.smartsense.fx.TradingGuideTest@1e4a7dd4]" name="setUp" is-config="true" duration-ms="38196" started-at="2017-08-30T17:18:46Z" finished-at="2017-08-30T17:19:24Z">
          <reporter-output>
          </reporter-output>
        </test-method> <!-- setUp -->
        <test-method status="PASS" signature="testAdminLogin()[pri:0, instance:com.smartsense.fx.TradingGuideTest@1e4a7dd4]" name="testAdminLogin" duration-ms="2844" started-at="2017-08-30T17:19:24Z" finished-at="2017-08-30T17:19:27Z">
          <reporter-output>
          </reporter-output>
        </test-method> <!-- testAdminLogin -->
        <test-method status="PASS" signature="addTradingGuide()[pri:0, instance:com.smartsense.fx.TradingGuideTest@1e4a7dd4]" name="addTradingGuide" duration-ms="48477" started-at="2017-08-30T17:19:27Z" depends-on-methods="com.smartsense.fx.TradingGuideTest.testAdminLogin" finished-at="2017-08-30T17:20:16Z">
          <reporter-output>
          </reporter-output>
        </test-method> <!-- addTradingGuide -->
        <test-method status="PASS" signature="editTradingGuide()[pri:0, instance:com.smartsense.fx.TradingGuideTest@1e4a7dd4]" name="editTradingGuide" duration-ms="31440" started-at="2017-08-30T17:20:16Z" depends-on-methods="com.smartsense.fx.TradingGuideTest.addTradingGuide" finished-at="2017-08-30T17:20:47Z">
          <reporter-output>
          </reporter-output>
        </test-method> <!-- editTradingGuide -->
        <test-method status="PASS" signature="editTradingGuideNext()[pri:0, instance:com.smartsense.fx.TradingGuideTest@1e4a7dd4]" name="editTradingGuideNext" duration-ms="36533" started-at="2017-08-30T17:20:47Z" depends-on-methods="com.smartsense.fx.TradingGuideTest.addTradingGuide" finished-at="2017-08-30T17:21:24Z">
          <reporter-output>
          </reporter-output>
        </test-method> <!-- editTradingGuideNext -->
        <test-method status="FAIL" signature="checkTradingGuideCustomerSide()[pri:0, instance:com.smartsense.fx.TradingGuideTest@1e4a7dd4]" name="checkTradingGuideCustomerSide" duration-ms="13108" started-at="2017-08-30T17:21:24Z" depends-on-methods="com.smartsense.fx.TradingGuideTest.editTradingGuideNext" finished-at="2017-08-30T17:21:37Z">
          <exception class="org.openqa.selenium.WebDriverException">
            <message>
              <![CDATA[unknown error: Element is not clickable at point (793, 31). Other element would receive the click: <div _ngcontent-c0="" id="preloader">...</div>
  (Session info: chrome=57.0.2987.133)
  (Driver info: chromedriver=2.24.417424 (c5c5ea873213ee72e3d0929b47482681555340c3),platform=Linux 4.4.0-83-generic x86_64) (WARNING: The server did not provide any stacktrace information)
Command duration or timeout: 120 milliseconds
Build info: version: '3.4.0', revision: 'unknown', time: 'unknown'
System info: host: 'smart', ip: '127.0.1.1', os.name: 'Linux', os.arch: 'amd64', os.version: '4.4.0-83-generic', java.version: '1.8.0_101'
Driver info: org.openqa.selenium.chrome.ChromeDriver
Capabilities [{applicationCacheEnabled=false, rotatable=false, mobileEmulationEnabled=false, networkConnectionEnabled=false, chrome={chromedriverVersion=2.24.417424 (c5c5ea873213ee72e3d0929b47482681555340c3), userDataDir=/tmp/.org.chromium.Chromium.X2a8f5}, takesHeapSnapshot=true, pageLoadStrategy=normal, databaseEnabled=false, handlesAlerts=true, hasTouchScreen=false, version=57.0.2987.133, platform=LINUX, browserConnectionEnabled=false, nativeEvents=true, acceptSslCerts=true, locationContextEnabled=true, webStorageEnabled=true, browserName=chrome, takesScreenshot=true, javascriptEnabled=true, cssSelectorsEnabled=true}]
Session ID: 75b691b3711dca58e9e6d4fc9813b0b7]]>
            </message>
            <full-stacktrace>
              <![CDATA[org.openqa.selenium.WebDriverException: unknown error: Element is not clickable at point (793, 31). Other element would receive the click: <div _ngcontent-c0="" id="preloader">...</div>
  (Session info: chrome=57.0.2987.133)
  (Driver info: chromedriver=2.24.417424 (c5c5ea873213ee72e3d0929b47482681555340c3),platform=Linux 4.4.0-83-generic x86_64) (WARNING: The server did not provide any stacktrace information)
Command duration or timeout: 120 milliseconds
Build info: version: '3.4.0', revision: 'unknown', time: 'unknown'
System info: host: 'smart', ip: '127.0.1.1', os.name: 'Linux', os.arch: 'amd64', os.version: '4.4.0-83-generic', java.version: '1.8.0_101'
Driver info: org.openqa.selenium.chrome.ChromeDriver
Capabilities [{applicationCacheEnabled=false, rotatable=false, mobileEmulationEnabled=false, networkConnectionEnabled=false, chrome={chromedriverVersion=2.24.417424 (c5c5ea873213ee72e3d0929b47482681555340c3), userDataDir=/tmp/.org.chromium.Chromium.X2a8f5}, takesHeapSnapshot=true, pageLoadStrategy=normal, databaseEnabled=false, handlesAlerts=true, hasTouchScreen=false, version=57.0.2987.133, platform=LINUX, browserConnectionEnabled=false, nativeEvents=true, acceptSslCerts=true, locationContextEnabled=true, webStorageEnabled=true, browserName=chrome, takesScreenshot=true, javascriptEnabled=true, cssSelectorsEnabled=true}]
Session ID: 75b691b3711dca58e9e6d4fc9813b0b7
	at sun.reflect.NativeConstructorAccessorImpl.newInstance0(Native Method)
	at sun.reflect.NativeConstructorAccessorImpl.newInstance(NativeConstructorAccessorImpl.java:62)
	at sun.reflect.DelegatingConstructorAccessorImpl.newInstance(DelegatingConstructorAccessorImpl.java:45)
	at java.lang.reflect.Constructor.newInstance(Constructor.java:423)
	at org.openqa.selenium.remote.ErrorHandler.createThrowable(ErrorHandler.java:215)
	at org.openqa.selenium.remote.ErrorHandler.throwIfResponseFailed(ErrorHandler.java:167)
	at org.openqa.selenium.remote.RemoteWebDriver.execute(RemoteWebDriver.java:671)
	at org.openqa.selenium.remote.RemoteWebElement.execute(RemoteWebElement.java:272)
	at org.openqa.selenium.remote.RemoteWebElement.click(RemoteWebElement.java:82)
	at com.smartsense.fx.TradingGuideTest.checkTradingGuideCustomerSide(TradingGuideTest.java:286)
	at sun.reflect.NativeMethodAccessorImpl.invoke0(Native Method)
	at sun.reflect.NativeMethodAccessorImpl.invoke(NativeMethodAccessorImpl.java:62)
	at sun.reflect.DelegatingMethodAccessorImpl.invoke(DelegatingMethodAccessorImpl.java:43)
	at java.lang.reflect.Method.invoke(Method.java:498)
	at org.testng.internal.MethodInvocationHelper.invokeMethod(MethodInvocationHelper.java:108)
	at org.testng.internal.Invoker.invokeMethod(Invoker.java:661)
	at org.testng.internal.Invoker.invokeTestMethod(Invoker.java:869)
	at org.testng.internal.Invoker.invokeTestMethods(Invoker.java:1193)
	at org.testng.internal.TestMethodWorker.invokeTestMethods(TestMethodWorker.java:126)
	at org.testng.internal.TestMethodWorker.run(TestMethodWorker.java:109)
	at org.testng.TestRunner.privateRun(TestRunner.java:744)
	at org.testng.TestRunner.run(TestRunner.java:602)
	at org.testng.SuiteRunner.runTest(SuiteRunner.java:380)
	at org.testng.SuiteRunner.runSequentially(SuiteRunner.java:375)
	at org.testng.SuiteRunner.privateRun(SuiteRunner.java:340)
	at org.testng.SuiteRunner.run(SuiteRunner.java:289)
	at org.testng.SuiteRunnerWorker.runSuite(SuiteRunnerWorker.java:52)
	at org.testng.SuiteRunnerWorker.run(SuiteRunnerWorker.java:86)
	at org.testng.TestNG.runSuitesSequentially(TestNG.java:1301)
	at org.testng.TestNG.runSuitesLocally(TestNG.java:1226)
	at org.testng.TestNG.runSuites(TestNG.java:1144)
	at org.testng.TestNG.run(TestNG.java:1115)
	at org.testng.remote.AbstractRemoteTestNG.run(AbstractRemoteTestNG.java:126)
	at org.testng.remote.RemoteTestNG.initAndRun(RemoteTestNG.java:152)
	at org.testng.remote.RemoteTestNG.main(RemoteTestNG.java:57)
]]>
            </full-stacktrace>
          </exception> <!-- org.openqa.selenium.WebDriverException -->
          <reporter-output>
          </reporter-output>
        </test-method> <!-- checkTradingGuideCustomerSide -->
        <test-method status="PASS" signature="tearDown()[pri:0, instance:com.smartsense.fx.TradingGuideTest@1e4a7dd4]" name="tearDown" is-config="true" duration-ms="347" started-at="2017-08-30T17:21:37Z" finished-at="2017-08-30T17:21:37Z">
          <reporter-output>
          </reporter-output>
        </test-method> <!-- tearDown -->
      </class> <!-- com.smartsense.fx.TradingGuideTest -->
    </test> <!-- Default test -->
  </suite> <!-- Default suite -->
</testng-results>
